<?xml version="1.0" encoding="UTF-8"?>
<!-- Generated by org.testng.reporters.JUnitReportReporter -->
<testsuite skipped="0" hostname="QA-SWAMYK" name="com.quoteorder.prospect.MarkUp_Percentage_Prospect" tests="7" failures="1" timestamp="2021-01-22T16:31:37 IST" time="509.862" errors="0">
  <testcase name="testOECAccount" time="76.131" classname="com.quoteorder.prospect.MarkUp_Percentage_Prospect"/>
  <system-out/>
  <testcase name="testNAVtoCPQ" time="52.142" classname="com.quoteorder.prospect.MarkUp_Percentage_Prospect"/>
  <system-out/>
  <testcase name="testTransactionDetails" time="138.528" classname="com.quoteorder.prospect.MarkUp_Percentage_Prospect"/>
  <system-out/>
  <testcase name="testMarkUPAmountDetailsOnSearch" time="76.545" classname="com.quoteorder.prospect.MarkUp_Percentage_Prospect">
    <failure type="java.lang.AssertionError" message="expected [$61.83] but found [61.83]">
      <![CDATA[java.lang.AssertionError: expected [$61.83] but found [61.83]
at org.testng.Assert.fail(Assert.java:99)
at org.testng.Assert.failNotEquals(Assert.java:1037)
at org.testng.Assert.assertEqualsImpl(Assert.java:140)
at org.testng.Assert.assertEquals(Assert.java:122)
at org.testng.Assert.assertEquals(Assert.java:617)
at com.quoteorder.prospect.MarkUp_Percentage_Prospect.testMarkUPAmountDetailsOnSearch(MarkUp_Percentage_Prospect.java:188)
at sun.reflect.NativeMethodAccessorImpl.invoke0(Native Method)
at sun.reflect.NativeMethodAccessorImpl.invoke(Unknown Source)
at sun.reflect.DelegatingMethodAccessorImpl.invoke(Unknown Source)
at java.lang.reflect.Method.invoke(Unknown Source)
at org.testng.internal.MethodInvocationHelper.invokeMethod(MethodInvocationHelper.java:132)
at org.testng.internal.TestInvoker.invokeMethod(TestInvoker.java:599)
at org.testng.internal.TestInvoker.invokeTestMethod(TestInvoker.java:174)
at org.testng.internal.MethodRunner.runInSequence(MethodRunner.java:46)
at org.testng.internal.TestInvoker$MethodInvocationAgent.invoke(TestInvoker.java:822)
at org.testng.internal.TestInvoker.invokeTestMethods(TestInvoker.java:147)
at org.testng.internal.TestMethodWorker.invokeTestMethods(TestMethodWorker.java:146)
at org.testng.internal.TestMethodWorker.run(TestMethodWorker.java:128)
at java.util.ArrayList.forEach(Unknown Source)
at org.testng.TestRunner.privateRun(TestRunner.java:764)
at org.testng.TestRunner.run(TestRunner.java:585)
at org.testng.SuiteRunner.runTest(SuiteRunner.java:384)
at org.testng.SuiteRunner.runSequentially(SuiteRunner.java:378)
at org.testng.SuiteRunner.privateRun(SuiteRunner.java:337)
at org.testng.SuiteRunner.run(SuiteRunner.java:286)
at org.testng.SuiteRunnerWorker.runSuite(SuiteRunnerWorker.java:53)
at org.testng.SuiteRunnerWorker.run(SuiteRunnerWorker.java:96)
at org.testng.TestNG.runSuitesSequentially(TestNG.java:1218)
at org.testng.TestNG.runSuitesLocally(TestNG.java:1140)
at org.testng.TestNG.runSuites(TestNG.java:1069)
at org.testng.TestNG.run(TestNG.java:1037)
at org.testng.remote.AbstractRemoteTestNG.run(AbstractRemoteTestNG.java:115)
at org.testng.remote.RemoteTestNG.initAndRun(RemoteTestNG.java:251)
at org.testng.remote.RemoteTestNG.main(RemoteTestNG.java:77)
]]>
    </failure>
  </testcase> <!-- testMarkUPAmountDetailsOnSearch -->
  <system-out/>
  <testcase name="testCalculateChargesTab" time="79.860" classname="com.quoteorder.prospect.MarkUp_Percentage_Prospect"/>
  <system-out/>
  <testcase name="testApprovalsTab" time="28.145" classname="com.quoteorder.prospect.MarkUp_Percentage_Prospect"/>
  <system-out/>
  <testcase name="testReturnCPQToOEC" time="58.511" classname="com.quoteorder.prospect.MarkUp_Percentage_Prospect"/>
  <system-out/>
</testsuite> <!-- com.quoteorder.prospect.MarkUp_Percentage_Prospect -->
